<?xml version="1.0" encoding="utf-8"?><testsuites name="pytest tests"><testsuite name="pytest" errors="0" failures="0" skipped="0" tests="23" time="25.130" timestamp="2026-08-21T14:15:07.039497+00:00" hostname="agent-env-68d08093-7d06-440e-9cf3-9205ec2f0cc1"><testcase classname="tests.test_wwjd_backend.TestGiftsStripe" name="test_stripe_config" time="0.301" /><testcase classname="tests.test_wwjd_backend.TestCounsel" name="test_counsel_gating_for_new_user" time="0.794" /><testcase classname="tests.test_wwjd_backend.TestGiftsStripe" name="test_gift_checkout_creates_session" time="2.390" /><testcase classname="tests.test_wwjd_backend.TestGiftsStripe" name="test_payment_status_pending" time="0.483" /><testcase classname="tests.test_wwjd_backend.TestCounsel" name="test_counsel_stream_admin" time="18.094" /><testcase classname="tests.test_wwjd_backend.TestGiftsStripe" name="test_activate_invalid_code_404" time="0.074" /><testcase classname="tests.test_wwjd_backend.TestGiftsStripe" name="test_activate_pending_code_400" time="0.140" /><testcase classname="tests.test_wwjd_backend.TestTestimonies" name="test_list_public" time="0.131" /><testcase classname="tests.test_wwjd_backend.TestTestimonies" name="test_create_with_video" time="0.288" /><testcase classname="tests.test_wwjd_backend.TestTestimonies" name="test_add_update" time="0.073" /><testcase classname="tests.test_wwjd_backend.TestTestimonies" name="test_serve_file" time="0.305" /><testcase classname="tests.test_wwjd_backend.TestTestimonies" name="test_serve_file_not_found" time="0.227" /><testcase classname="tests.test_wwjd_backend.TestAuth" name="test_register_and_me" time="0.399" /><testcase classname="tests.test_wwjd_backend.TestAuth" name="test_admin_login_has_access" time="0.076" /><testcase classname="tests.test_wwjd_backend.TestAuth" name="test_login_invalid_credentials" time="0.383" /><testcase classname="tests.test_wwjd_backend.TestAuth" name="test_duplicate_register_rejected" time="0.266" /><testcase classname="tests.test_wwjd_backend.TestDiary" name="test_diary_crud" time="0.368" /><testcase classname="tests.test_wwjd_backend.TestDiary" name="test_diary_scoped_to_user" time="0.255" /><testcase classname="tests.test_wwjd_backend.TestScripture" name="test_daily_scripture" time="0.234" /><testcase classname="tests.test_wwjd_backend.TestSaveCounsel" name="test_save_get_delete_flow" time="0.283" /><testcase classname="tests.test_wwjd_backend.TestCounsel" name="test_conversation_persisted" time="0.339" /><testcase classname="tests.test_wwjd_backend.TestCounsel" name="test_pray_this_with_me" time="5.297" /><testcase classname="tests.test_wwjd_backend.TestCounsel" name="test_pray_requires_access" time="0.091" /></testsuite></testsuites>