<?xml version="1.0" encoding="utf-8"?><testsuites name="pytest tests"><testsuite name="pytest" errors="0" failures="0" skipped="0" tests="33" time="23.006" timestamp="2026-08-21T14:35:47.952402+00:00" hostname="agent-env-68d08093-7d06-440e-9cf3-9205ec2f0cc1"><testcase classname="tests.test_wwjd_backend.TestDonations" name="test_donation_checkout_creates_session" time="1.062" /><testcase classname="tests.test_wwjd_backend.TestCounsel" name="test_counsel_gating_for_new_user" time="1.067" /><testcase classname="tests.test_wwjd_backend.TestDonations" name="test_donation_persisted_as_donation_type" time="0.272" /><testcase classname="tests.test_wwjd_backend.TestDonations" name="test_donation_status_not_found" time="0.250" /><testcase classname="tests.test_wwjd_backend.TestCounsel" name="test_counsel_stream_admin" time="14.071" /><testcase classname="tests.test_wwjd_backend.TestDonations" name="test_donation_amount_too_small" time="0.072" /><testcase classname="tests.test_wwjd_backend.TestDonations" name="test_donation_amount_too_large" time="0.222" /><testcase classname="tests.test_wwjd_backend.TestDonations" name="test_donation_anonymous_allowed" time="0.534" /><testcase classname="tests.test_wwjd_backend.TestDonations" name="test_angels_wall_shape" time="0.145" /><testcase classname="tests.test_wwjd_backend.TestGiftsStripe" name="test_stripe_config" time="0.135" /><testcase classname="tests.test_wwjd_backend.TestGiftsStripe" name="test_gift_checkout_creates_session" time="0.937" /><testcase classname="tests.test_wwjd_backend.TestGiftsStripe" name="test_payment_status_pending" time="0.382" /><testcase classname="tests.test_wwjd_backend.TestGiftsStripe" name="test_activate_invalid_code_404" time="0.067" /><testcase classname="tests.test_wwjd_backend.TestGiftsStripe" name="test_activate_pending_code_400" time="0.146" /><testcase classname="tests.test_wwjd_backend.TestTestimonies" name="test_list_public" time="0.147" /><testcase classname="tests.test_wwjd_backend.TestTestimonies" name="test_create_with_video" time="0.277" /><testcase classname="tests.test_wwjd_backend.TestTestimonies" name="test_add_update" time="0.065" /><testcase classname="tests.test_wwjd_backend.TestTestimonies" name="test_serve_file" time="0.319" /><testcase classname="tests.test_wwjd_backend.TestTestimonies" name="test_serve_file_not_found" time="0.153" /><testcase classname="tests.test_wwjd_backend.TestAuth" name="test_register_and_me" time="0.468" /><testcase classname="tests.test_wwjd_backend.TestAuth" name="test_admin_login_has_access" time="0.087" /><testcase classname="tests.test_wwjd_backend.TestAuth" name="test_login_invalid_credentials" time="0.360" /><testcase classname="tests.test_wwjd_backend.TestAuth" name="test_duplicate_register_rejected" time="0.157" /><testcase classname="tests.test_wwjd_backend.TestGiftPhone" name="test_gift_checkout_with_phone_no_email" time="0.891" /><testcase classname="tests.test_wwjd_backend.TestGiftPhone" name="test_gift_stores_phone_and_hidden_while_pending" time="0.419" /><testcase classname="tests.test_wwjd_backend.TestGiftPhone" name="test_gift_checkout_missing_name_422" time="0.086" /><testcase classname="tests.test_wwjd_backend.TestDiary" name="test_diary_crud" time="0.450" /><testcase classname="tests.test_wwjd_backend.TestDiary" name="test_diary_scoped_to_user" time="0.300" /><testcase classname="tests.test_wwjd_backend.TestScripture" name="test_daily_scripture" time="0.162" /><testcase classname="tests.test_wwjd_backend.TestSaveCounsel" name="test_save_get_delete_flow" time="0.316" /><testcase classname="tests.test_wwjd_backend.TestCounsel" name="test_conversation_persisted" time="0.347" /><testcase classname="tests.test_wwjd_backend.TestCounsel" name="test_pray_this_with_me" time="6.913" /><testcase classname="tests.test_wwjd_backend.TestCounsel" name="test_pray_requires_access" time="0.087" /></testsuite></testsuites>