<?xml version="1.0" encoding="utf-8"?><testsuites name="pytest tests"><testsuite name="pytest" errors="0" failures="0" skipped="0" tests="10" time="3.976" timestamp="2026-08-21T14:35:38.928240+00:00" hostname="agent-env-68d08093-7d06-440e-9cf3-9205ec2f0cc1"><testcase classname="tests.test_wwjd_backend.TestDonations" name="test_donation_checkout_creates_session" time="1.301" /><testcase classname="tests.test_wwjd_backend.TestGiftPhone" name="test_gift_checkout_with_phone_no_email" time="2.262" /><testcase classname="tests.test_wwjd_backend.TestDonations" name="test_donation_persisted_as_donation_type" time="0.927" /><testcase classname="tests.test_wwjd_backend.TestDonations" name="test_donation_status_not_found" time="0.172" /><testcase classname="tests.test_wwjd_backend.TestGiftPhone" name="test_gift_stores_phone_and_hidden_while_pending" time="0.575" /><testcase classname="tests.test_wwjd_backend.TestDonations" name="test_donation_amount_too_small" time="0.076" /><testcase classname="tests.test_wwjd_backend.TestDonations" name="test_donation_amount_too_large" time="0.129" /><testcase classname="tests.test_wwjd_backend.TestDonations" name="test_donation_anonymous_allowed" time="0.658" /><testcase classname="tests.test_wwjd_backend.TestGiftPhone" name="test_gift_checkout_missing_name_422" time="0.425" /><testcase classname="tests.test_wwjd_backend.TestDonations" name="test_angels_wall_shape" time="0.163" /></testsuite></testsuites>